<?xml version="1.0" encoding="UTF-8"?>
<testsuite name="censusanalyser.CensusAnalyserTest" tests="1" skipped="0" failures="0" errors="0" timestamp="2021-06-16T17:46:49" hostname="DESKTOP-4QDC4A3" time="0.56">
  <properties/>
  <testcase name="givenIndianCensusData_WithWrongheader_ShouldThrowException" classname="censusanalyser.CensusAnalyserTest" time="0.56"/>
  <system-out><![CDATA[]]></system-out>
  <system-err><![CDATA[]]></system-err>
</testsuite>
